# JRE version: OpenJDK Runtime Environment (7.0_95) (build 1.7.0_95-b00)
# Java VM: OpenJDK 64-Bit Server VM (24.95-b01 mixed mode linux-amd64 compressed oops)
Heap
 PSYoungGen      total 32768K, used 4166K [0x00000007d6e00000, 0x00000007d9300000, 0x0000000800000000)
  eden space 31744K, 10% used [0x00000007d6e00000,0x00000007d7119be0,0x00000007d8d00000)
  from space 1024K, 96% used [0x00000007d8d80000,0x00000007d8e78000,0x00000007d8e80000)
  to   space 1536K, 0% used [0x00000007d9180000,0x00000007d9180000,0x00000007d9300000)
 ParOldGen       total 83968K, used 32K [0x0000000784a00000, 0x0000000789c00000, 0x00000007d6e00000)
  object space 83968K, 0% used [0x0000000784a00000,0x0000000784a08000,0x0000000789c00000)
 PSPermGen       total 21504K, used 3322K [0x000000077a400000, 0x000000077b900000, 0x0000000784a00000)
  object space 21504K, 15% used [0x000000077a400000,0x000000077a73e8d8,0x000000077b900000)
GC Heap History (10 events):
Event: 0.820 GC heap before
{Heap before GC invocations=1 (full 0):
 PSYoungGen      total 37376K, used 32256K [0x00000007d6e00000, 0x00000007d9780000, 0x0000000800000000)
  eden space 32256K, 100% used [0x00000007d6e00000,0x00000007d8d80000,0x00000007d8d80000)
  from space 5120K, 0% used [0x00000007d9280000,0x00000007d9280000,0x00000007d9780000)
  to   space 5120K, 0% used [0x00000007d8d80000,0x00000007d8d80000,0x00000007d9280000)
 ParOldGen       total 83968K, used 0K [0x0000000784a00000, 0x0000000789c00000, 0x00000007d6e00000)
  object space 83968K, 0% used [0x0000000784a00000,0x0000000784a00000,0x0000000789c00000)
 PSPermGen       total 21504K, used 3116K [0x000000077a400000, 0x000000077b900000, 0x0000000784a00000)
  object space 21504K, 14% used [0x000000077a400000,0x000000077a70b020,0x000000077b900000)
Event: 0.821 GC heap after
Heap after GC invocations=1 (full 0):
 PSYoungGen      total 37376K, used 442K [0x00000007d6e00000, 0x00000007d9780000, 0x0000000800000000)
  eden space 32256K, 0% used [0x00000007d6e00000,0x00000007d6e00000,0x00000007d8d80000)
  from space 5120K, 8% used [0x00000007d8d80000,0x00000007d8dee898,0x00000007d9280000)
  to   space 5120K, 0% used [0x00000007d9280000,0x00000007d9280000,0x00000007d9780000)
 ParOldGen       total 83968K, used 0K [0x0000000784a00000, 0x0000000789c00000, 0x00000007d6e00000)
  object space 83968K, 0% used [0x0000000784a00000,0x0000000784a00000,0x0000000789c00000)
 PSPermGen       total 21504K, used 3116K [0x000000077a400000, 0x000000077b900000, 0x0000000784a00000)
  object space 21504K, 14% used [0x000000077a400000,0x000000077a70b020,0x000000077b900000)
}
Event: 2.367 GC heap before
{Heap before GC invocations=2 (full 0):
 PSYoungGen      total 37376K, used 32698K [0x00000007d6e00000, 0x00000007d9780000, 0x0000000800000000)
  eden space 32256K, 100% used [0x00000007d6e00000,0x00000007d8d80000,0x00000007d8d80000)
  from space 5120K, 8% used [0x00000007d8d80000,0x00000007d8dee898,0x00000007d9280000)
  to   space 5120K, 0% used [0x00000007d9280000,0x00000007d9280000,0x00000007d9780000)
 ParOldGen       total 83968K, used 0K [0x0000000784a00000, 0x0000000789c00000, 0x00000007d6e00000)
  object space 83968K, 0% used [0x0000000784a00000,0x0000000784a00000,0x0000000789c00000)
 PSPermGen       total 21504K, used 3116K [0x000000077a400000, 0x000000077b900000, 0x0000000784a00000)
  object space 21504K, 14% used [0x000000077a400000,0x000000077a70b020,0x000000077b900000)
Event: 2.369 GC heap after
Heap after GC invocations=2 (full 0):
 PSYoungGen      total 37376K, used 352K [0x00000007d6e00000, 0x00000007d9780000, 0x0000000800000000)
  eden space 32256K, 0% used [0x00000007d6e00000,0x00000007d6e00000,0x00000007d8d80000)
  from space 5120K, 6% used [0x00000007d9280000,0x00000007d92d8000,0x00000007d9780000)
  to   space 5120K, 0% used [0x00000007d8d80000,0x00000007d8d80000,0x00000007d9280000)
 ParOldGen       total 83968K, used 8K [0x0000000784a00000, 0x0000000789c00000, 0x00000007d6e00000)
  object space 83968K, 0% used [0x0000000784a00000,0x0000000784a02000,0x0000000789c00000)
 PSPermGen       total 21504K, used 3116K [0x000000077a400000, 0x000000077b900000, 0x0000000784a00000)
  object space 21504K, 14% used [0x000000077a400000,0x000000077a70b020,0x000000077b900000)
}
Event: 2.832 GC heap before
{Heap before GC invocations=3 (full 0):
 PSYoungGen      total 37376K, used 32608K [0x00000007d6e00000, 0x00000007d9780000, 0x0000000800000000)
  eden space 32256K, 100% used [0x00000007d6e00000,0x00000007d8d80000,0x00000007d8d80000)
  from space 5120K, 6% used [0x00000007d9280000,0x00000007d92d8000,0x00000007d9780000)
  to   space 5120K, 0% used [0x00000007d8d80000,0x00000007d8d80000,0x00000007d9280000)
 ParOldGen       total 83968K, used 8K [0x0000000784a00000, 0x0000000789c00000, 0x00000007d6e00000)
  object space 83968K, 0% used [0x0000000784a00000,0x0000000784a02000,0x0000000789c00000)
 PSPermGen       total 21504K, used 3275K [0x000000077a400000, 0x000000077b900000, 0x0000000784a00000)
  object space 21504K, 15% used [0x000000077a400000,0x000000077a732e70,0x000000077b900000)
Event: 2.837 GC heap after
Heap after GC invocations=3 (full 0):
 PSYoungGen      total 37376K, used 848K [0x00000007d6e00000, 0x00000007d9780000, 0x0000000800000000)
  eden space 32256K, 0% used [0x00000007d6e00000,0x00000007d6e00000,0x00000007d8d80000)
  from space 5120K, 16% used [0x00000007d8d80000,0x00000007d8e54010,0x00000007d9280000)
  to   space 5120K, 0% used [0x00000007d9280000,0x00000007d9280000,0x00000007d9780000)
 ParOldGen       total 83968K, used 16K [0x0000000784a00000, 0x0000000789c00000, 0x00000007d6e00000)
  object space 83968K, 0% used [0x0000000784a00000,0x0000000784a04000,0x0000000789c00000)
 PSPermGen       total 21504K, used 3275K [0x000000077a400000, 0x000000077b900000, 0x0000000784a00000)
  object space 21504K, 15% used [0x000000077a400000,0x000000077a732e70,0x000000077b900000)
}
Event: 3.285 GC heap before
{Heap before GC invocations=4 (full 0):
 PSYoungGen      total 37376K, used 33104K [0x00000007d6e00000, 0x00000007d9780000, 0x0000000800000000)
  eden space 32256K, 100% used [0x00000007d6e00000,0x00000007d8d80000,0x00000007d8d80000)
  from space 5120K, 16% used [0x00000007d8d80000,0x00000007d8e54010,0x00000007d9280000)
  to   space 5120K, 0% used [0x00000007d9280000,0x00000007d9280000,0x00000007d9780000)
 ParOldGen       total 83968K, used 16K [0x0000000784a00000, 0x0000000789c00000, 0x00000007d6e00000)
  object space 83968K, 0% used [0x0000000784a00000,0x0000000784a04000,0x0000000789c00000)
 PSPermGen       total 21504K, used 3317K [0x000000077a400000, 0x000000077b900000, 0x0000000784a00000)
  object space 21504K, 15% used [0x000000077a400000,0x000000077a73d7d0,0x000000077b900000)
Event: 3.289 GC heap after
Heap after GC invocations=4 (full 0):
 PSYoungGen      total 37376K, used 992K [0x00000007d6e00000, 0x00000007d9780000, 0x0000000800000000)
  eden space 32256K, 0% used [0x00000007d6e00000,0x00000007d6e00000,0x00000007d8d80000)
  from space 5120K, 19% used [0x00000007d9280000,0x00000007d9378020,0x00000007d9780000)
  to   space 5120K, 0% used [0x00000007d8d80000,0x00000007d8d80000,0x00000007d9280000)
 ParOldGen       total 83968K, used 24K [0x0000000784a00000, 0x0000000789c00000, 0x00000007d6e00000)
  object space 83968K, 0% used [0x0000000784a00000,0x0000000784a06000,0x0000000789c00000)
 PSPermGen       total 21504K, used 3317K [0x000000077a400000, 0x000000077b900000, 0x0000000784a00000)
  object space 21504K, 15% used [0x000000077a400000,0x000000077a73d7d0,0x000000077b900000)
}
Event: 3.755 GC heap before
{Heap before GC invocations=5 (full 0):
 PSYoungGen      total 37376K, used 33248K [0x00000007d6e00000, 0x00000007d9780000, 0x0000000800000000)
  eden space 32256K, 100% used [0x00000007d6e00000,0x00000007d8d80000,0x00000007d8d80000)
  from space 5120K, 19% used [0x00000007d9280000,0x00000007d9378020,0x00000007d9780000)
  to   space 5120K, 0% used [0x00000007d8d80000,0x00000007d8d80000,0x00000007d9280000)
 ParOldGen       total 83968K, used 24K [0x0000000784a00000, 0x0000000789c00000, 0x00000007d6e00000)
  object space 83968K, 0% used [0x0000000784a00000,0x0000000784a06000,0x0000000789c00000)
 PSPermGen       total 21504K, used 3322K [0x000000077a400000, 0x000000077b900000, 0x0000000784a00000)
  object space 21504K, 15% used [0x000000077a400000,0x000000077a73e8d8,0x000000077b900000)
Event: 3.760 GC heap after
Heap after GC invocations=5 (full 0):
 PSYoungGen      total 32768K, used 992K [0x00000007d6e00000, 0x00000007d9300000, 0x0000000800000000)
  eden space 31744K, 0% used [0x00000007d6e00000,0x00000007d6e00000,0x00000007d8d00000)
  from space 1024K, 96% used [0x00000007d8d80000,0x00000007d8e78000,0x00000007d8e80000)
  to   space 1536K, 0% used [0x00000007d9180000,0x00000007d9180000,0x00000007d9300000)
 ParOldGen       total 83968K, used 32K [0x0000000784a00000, 0x0000000789c00000, 0x00000007d6e00000)
  object space 83968K, 0% used [0x0000000784a00000,0x0000000784a08000,0x0000000789c00000)
 PSPermGen       total 21504K, used 3322K [0x000000077a400000, 0x000000077b900000, 0x0000000784a00000)
  object space 21504K, 15% used [0x000000077a400000,0x000000077a73e8d8,0x000000077b900000)
}

